app/build/intermediates/manifest_merge_blame_file/debug/manifest-merger-blame-debug-report.txt
1<?xml version="1.0" encoding="utf-8"?>
2<manifest xmlns:android="http://schemas.android.com/apk/res/android"
3    package="com.example.mobile_adproject"
4    android:versionCode="1"
5    android:versionName="1.0" >
6
7    <uses-sdk
8        android:minSdkVersion="29"
8-->src/main/AndroidManifest.xml
9        android:targetSdkVersion="33" />
9-->src/main/AndroidManifest.xml
10
11    <uses-feature
11-->src/main/AndroidManifest.xml:5:5-7:36
12        android:name="android.hardware.camera"
12-->src/main/AndroidManifest.xml:6:9-47
13        android:required="false" />
13-->src/main/AndroidManifest.xml:7:9-33
14
15    <uses-permission android:name="android.permission.CAMERA" />
15-->src/main/AndroidManifest.xml:9:5-65
15-->src/main/AndroidManifest.xml:9:22-62
16
17    <uses-feature android:name="android.hardware.camera.autofocus" />
17-->src/main/AndroidManifest.xml:10:5-70
17-->src/main/AndroidManifest.xml:10:19-67
18
19    <uses-permission android:name="android.permission.INTERNET" />
19-->src/main/AndroidManifest.xml:12:5-67
19-->src/main/AndroidManifest.xml:12:22-64
20    <uses-permission android:name="android.permission.READ_EXTERNAL_STORAGE" />
20-->src/main/AndroidManifest.xml:13:5-80
20-->src/main/AndroidManifest.xml:13:22-77
21    <uses-permission android:name="android.permission.WRITE_EXTERNAL_STORAGE" />
21-->src/main/AndroidManifest.xml:14:5-81
21-->src/main/AndroidManifest.xml:14:22-78
22    <uses-permission android:name="android.permission.ACCESS_NETWORK_STATE" />
22-->src/main/AndroidManifest.xml:15:5-79
22-->src/main/AndroidManifest.xml:15:22-76
23
24    <permission
24-->[androidx.core:core:1.9.0] AndroidManifest.xml:22:5-24:47
25        android:name="com.example.mobile_adproject.DYNAMIC_RECEIVER_NOT_EXPORTED_PERMISSION"
25-->[androidx.core:core:1.9.0] AndroidManifest.xml:23:9-81
26        android:protectionLevel="signature" />
26-->[androidx.core:core:1.9.0] AndroidManifest.xml:24:9-44
27
28    <uses-permission android:name="com.example.mobile_adproject.DYNAMIC_RECEIVER_NOT_EXPORTED_PERMISSION" />
28-->[androidx.core:core:1.9.0] AndroidManifest.xml:26:5-97
28-->[androidx.core:core:1.9.0] AndroidManifest.xml:26:22-94
29
30    <application
30-->src/main/AndroidManifest.xml:17:5-59:19
31        android:allowBackup="true"
31-->src/main/AndroidManifest.xml:18:9-35
32        android:appComponentFactory="androidx.core.app.CoreComponentFactory"
32-->[androidx.core:core:1.9.0] AndroidManifest.xml:28:18-86
33        android:debuggable="true"
34        android:extractNativeLibs="false"
35        android:icon="@mipmap/ic_launcher"
35-->src/main/AndroidManifest.xml:19:9-43
36        android:label="@string/app_name"
36-->src/main/AndroidManifest.xml:20:9-41
37        android:roundIcon="@mipmap/ic_launcher_round"
37-->src/main/AndroidManifest.xml:21:9-54
38        android:supportsRtl="true"
38-->src/main/AndroidManifest.xml:22:9-35
39        android:testOnly="true"
40        android:theme="@style/Theme.Mobile_ADProject"
40-->src/main/AndroidManifest.xml:23:9-54
41        android:usesCleartextTraffic="true" >
41-->src/main/AndroidManifest.xml:24:9-44
42        <activity
42-->src/main/AndroidManifest.xml:25:9-27:40
43            android:name="com.example.mobile_adproject.activities.BookRequestActivity"
43-->src/main/AndroidManifest.xml:26:13-59
44            android:exported="false" />
44-->src/main/AndroidManifest.xml:27:13-37
45        <activity
45-->src/main/AndroidManifest.xml:28:9-30:40
46            android:name="com.example.mobile_adproject.activities.DonateBookActivity"
46-->src/main/AndroidManifest.xml:29:13-58
47            android:exported="false" />
47-->src/main/AndroidManifest.xml:30:13-37
48
49        <meta-data
49-->src/main/AndroidManifest.xml:32:9-34:47
50            android:name="com.google.android.actions"
50-->src/main/AndroidManifest.xml:33:13-54
51            android:resource="@xml/actions" />
51-->src/main/AndroidManifest.xml:34:13-44
52
53        <activity
53-->src/main/AndroidManifest.xml:36:9-38:40
54            android:name="com.example.mobile_adproject.activities.MessageActivity"
54-->src/main/AndroidManifest.xml:37:13-55
55            android:exported="false" />
55-->src/main/AndroidManifest.xml:38:13-37
56        <activity
56-->src/main/AndroidManifest.xml:39:9-41:40
57            android:name="com.example.mobile_adproject.activities.ProfileActivity"
57-->src/main/AndroidManifest.xml:40:13-55
58            android:exported="false" />
58-->src/main/AndroidManifest.xml:41:13-37
59        <activity
59-->src/main/AndroidManifest.xml:42:9-45:69
60            android:name="com.example.mobile_adproject.activities.BookDetailActivity"
60-->src/main/AndroidManifest.xml:43:13-58
61            android:exported="false"
61-->src/main/AndroidManifest.xml:44:13-37
62            android:parentActivityName="com.example.mobile_adproject.activities.MainActivity" />
62-->src/main/AndroidManifest.xml:45:13-66
63        <activity
63-->src/main/AndroidManifest.xml:46:9-48:40
64            android:name="com.example.mobile_adproject.activities.LoginActivity"
64-->src/main/AndroidManifest.xml:47:13-53
65            android:exported="false" />
65-->src/main/AndroidManifest.xml:48:13-37
66        <activity
66-->src/main/AndroidManifest.xml:49:9-57:20
67            android:name="com.example.mobile_adproject.activities.MainActivity"
67-->src/main/AndroidManifest.xml:50:13-52
68            android:exported="true" >
68-->src/main/AndroidManifest.xml:51:13-36
69            <intent-filter>
69-->src/main/AndroidManifest.xml:52:13-56:29
70                <action android:name="android.intent.action.MAIN" />
70-->src/main/AndroidManifest.xml:53:17-69
70-->src/main/AndroidManifest.xml:53:25-66
71
72                <category android:name="android.intent.category.LAUNCHER" />
72-->src/main/AndroidManifest.xml:55:17-77
72-->src/main/AndroidManifest.xml:55:27-74
73            </intent-filter>
74        </activity>
75
76        <provider
76-->[androidx.emoji2:emoji2:1.2.0] AndroidManifest.xml:24:9-32:20
77            android:name="androidx.startup.InitializationProvider"
77-->[androidx.emoji2:emoji2:1.2.0] AndroidManifest.xml:25:13-67
78            android:authorities="com.example.mobile_adproject.androidx-startup"
78-->[androidx.emoji2:emoji2:1.2.0] AndroidManifest.xml:26:13-68
79            android:exported="false" >
79-->[androidx.emoji2:emoji2:1.2.0] AndroidManifest.xml:27:13-37
80            <meta-data
80-->[androidx.emoji2:emoji2:1.2.0] AndroidManifest.xml:29:13-31:52
81                android:name="androidx.emoji2.text.EmojiCompatInitializer"
81-->[androidx.emoji2:emoji2:1.2.0] AndroidManifest.xml:30:17-75
82                android:value="androidx.startup" />
82-->[androidx.emoji2:emoji2:1.2.0] AndroidManifest.xml:31:17-49
83            <meta-data
83-->[androidx.lifecycle:lifecycle-process:2.4.1] AndroidManifest.xml:31:13-33:52
84                android:name="androidx.lifecycle.ProcessLifecycleInitializer"
84-->[androidx.lifecycle:lifecycle-process:2.4.1] AndroidManifest.xml:32:17-78
85                android:value="androidx.startup" />
85-->[androidx.lifecycle:lifecycle-process:2.4.1] AndroidManifest.xml:33:17-49
86        </provider>
87    </application>
88
89</manifest>